

 ENTERING MA27AD WITH      N     NZ      LIW  IFLAG
                           5      7       40      0
 MATRIX NON-ZEROS
        1     1        1     2        2     3        2     5
        3     3        3     4        5     5

 LEAVING MA27AD WITH NSTEPS  INFO(1)    OPS IERROR NRLTOT NIRTOT
                          4      0     4.      0     19     25
                     NRLNEC NIRNEC NRLADU NIRADU  NCMPA
                         14     20      9     14      0
 IKEEP(.,1)=     4     5     3     2     1
 IKEEP(.,2)=     1     1     1     2
 IKEEP(.,3)=     0     0     2     1


 ENTERING MA27BD WITH      N     NZ       LA      LIW NSTEPS      U
                           5      7       30       40      4  1.00D-01
 MATRIX NON-ZEROS
        2.000D+00     1     1       3.000D+00     1     2
        4.000D+00     2     3       6.000D+00     2     5
        1.000D+00     3     3       5.000D+00     3     4
        1.000D+00     5     5
 IKEEP(.,1)=     4     5     3     2     1
 IKEEP(.,2)=     1     1     1     2
 IKEEP(.,3)=     0     0     2     1

 LEAVING MA27BD WITH
            MAXFRT  INFO(1) NRLBDU NIRBDU NCMPBR NCMPBI   NTWO IERROR
                 3      0     10     13      0      0      1      0
 BLOCK PIVOT =       1 NROWS =       1 NCOLS =       2
 COLUMN INDICES =     5     2
 REAL ENTRIES .. EACH ROW STARTS ON A NEW LINE
    1.000D+00   -6.000D+00
 BLOCK PIVOT =       2 NROWS =       2 NCOLS =       3
 COLUMN INDICES =    -4     3     2
 REAL ENTRIES .. EACH ROW STARTS ON A NEW LINE
   -4.000D-02    2.000D-01   -8.000D-01
   -0.000D+00   -0.000D+00
 BLOCK PIVOT =       3 NROWS =       2 NCOLS =       2
 COLUMN INDICES =     1     2
 REAL ENTRIES .. EACH ROW STARTS ON A NEW LINE
    5.000D-01   -1.500D+00
   -2.469D-02


 ENTERING MA27CD WITH      N     LA    LIW MAXFRT  NSTEPS
                           5     30     40      3      4
 BLOCK PIVOT =       1 NROWS =       1 NCOLS =       2
 COLUMN INDICES =     5     2
 REAL ENTRIES .. EACH ROW STARTS ON A NEW LINE
    1.000D+00   -6.000D+00
 BLOCK PIVOT =       2 NROWS =       2 NCOLS =       3
 COLUMN INDICES =    -4     3     2
 REAL ENTRIES .. EACH ROW STARTS ON A NEW LINE
   -4.000D-02    2.000D-01   -8.000D-01
   -0.000D+00   -0.000D+00
 BLOCK PIVOT =       3 NROWS =       2 NCOLS =       2
 COLUMN INDICES =     1     2
 REAL ENTRIES .. EACH ROW STARTS ON A NEW LINE
    5.000D-01   -1.500D+00
   -2.469D-02
 RHS    8.000D+00    4.500D+01    3.100D+01    1.500D+01    1.700D+01



 LEAVING MA27CD WITH
 RHS    1.000D+00    2.000D+00    3.000D+00    4.000D+00    5.000D+00

